<?xml version="1.0" encoding="UTF-8"?>
<!-- Generated by org.testng.reporters.JUnitXMLReporter -->
<testsuite hostname="LAPTOP-VU0KHJRO" ignored="1" name="@Test Annotatoin properties" tests="16" failures="2" timestamp="2020-11-30T23:56:05 IST" time="8.41" errors="0">
  <testcase name="method1" time="0.039" classname="tests.TestNGCRUDWithAllTestProperties"/>
  <testcase name="method3" time="0.005" classname="tests.TestNGCRUDWithAllTestProperties"/>
  <testcase name="method4" time="3.025" classname="tests.TestNGCRUDWithAllTestProperties">
    <failure type="org.testng.internal.thread.ThreadTimeoutException" message="Method tests.TestNGCRUDWithAllTestProperties.method4() didn&amp;apos;t finish within the time-out 3000">
      <![CDATA[org.testng.internal.thread.ThreadTimeoutException: Method tests.TestNGCRUDWithAllTestProperties.method4() didn't finish within the time-out 3000
at java.util.ArrayList.forEach(Unknown Source)
... Removed 24 stack frames]]>
    </failure>
  </testcase> <!-- method4 -->
  <testcase name="method5" time="0.006" classname="tests.TestNGCRUDWithAllTestProperties"/>
  <testcase name="method5" time="0.008" classname="tests.TestNGCRUDWithAllTestProperties"/>
  <testcase name="method5" time="0.004" classname="tests.TestNGCRUDWithAllTestProperties"/>
  <testcase name="method5" time="0.004" classname="tests.TestNGCRUDWithAllTestProperties"/>
  <testcase name="method5" time="0.004" classname="tests.TestNGCRUDWithAllTestProperties"/>
  <testcase name="method6" time="5.017" classname="tests.TestNGCRUDWithAllTestProperties">
    <failure type="org.testng.internal.thread.ThreadTimeoutException" message="Method tests.TestNGCRUDWithAllTestProperties.method6() didn&amp;apos;t finish within the time-out 5000">
      <![CDATA[org.testng.internal.thread.ThreadTimeoutException: Method tests.TestNGCRUDWithAllTestProperties.method6() didn't finish within the time-out 5000
at java.util.ArrayList.forEach(Unknown Source)
... Removed 24 stack frames]]>
    </failure>
  </testcase> <!-- method6 -->
  <testcase name="method7" time="0.01" classname="tests.TestNGCRUDWithAllTestProperties"/>
  <testcase name="method8" time="0.004" classname="tests.TestNGCRUDWithAllTestProperties"/>
  <testcase name="method9" time="0.004" classname="tests.TestNGCRUDWithAllTestProperties"/>
  <testcase name="method10" time="0.004" classname="tests.TestNGCRUDWithAllTestProperties"/>
  <testcase name="method11" time="0.004" classname="tests.TestNGCRUDWithAllTestProperties"/>
  <testcase name="method12" time="0.003" classname="tests.TestNGCRUDWithAllTestProperties"/>
  <testcase name="method13" time="0.003" classname="tests.TestNGCRUDWithAllTestProperties"/>
  <testcase name="method2" time="0.0" classname="tests.TestNGCRUDWithAllTestProperties">
    <ignored/>
  </testcase> <!-- method2 -->
</testsuite> <!-- @Test Annotatoin properties -->
