<?xml version="1.0" encoding="UTF-8"?>
<!-- Generated by org.testng.reporters.JUnitXMLReporter -->
<testsuite hostname="LAPTOP-VU0KHJRO" ignored="0" name="CRUD Operations via Parameters3" tests="5" failures="0" timestamp="2020-11-30T23:43:53 IST" time="3.548" errors="0">
  <testcase name="getAllPosts" time="0.37" classname="tests.TestNGCRUDViaParameters"/>
  <testcase name="getSpecificPost" time="0.389" classname="tests.TestNGCRUDViaParameters"/>
  <testcase name="createAPost" time="0.838" classname="tests.TestNGCRUDViaParameters"/>
  <testcase name="updateAPost" time="0.863" classname="tests.TestNGCRUDViaParameters"/>
  <testcase name="deleteAPost" time="1.043" classname="tests.TestNGCRUDViaParameters"/>
</testsuite> <!-- CRUD Operations via Parameters3 -->
