<?xml version="1.0" encoding="UTF-8"?>
<!-- Generated by org.testng.reporters.JUnitXMLReporter -->
<testsuite hostname="LAPTOP-VU0KHJRO" ignored="0" name="CRUD Operations via Parameters1" tests="5" failures="0" timestamp="2020-11-30T23:43:46 IST" time="11.078" errors="0">
  <testcase name="getAllPosts" time="4.491" classname="tests.TestNGCRUDViaParameters"/>
  <testcase name="getSpecificPost" time="1.768" classname="tests.TestNGCRUDViaParameters"/>
  <testcase name="createAPost" time="0.968" classname="tests.TestNGCRUDViaParameters"/>
  <testcase name="updateAPost" time="0.87" classname="tests.TestNGCRUDViaParameters"/>
  <testcase name="deleteAPost" time="0.875" classname="tests.TestNGCRUDViaParameters"/>
</testsuite> <!-- CRUD Operations via Parameters1 -->
