<?xml version="1.0" encoding="UTF-8"?>
<!-- Generated by org.testng.reporters.JUnitXMLReporter -->
<testsuite hostname="LAPTOP-VU0KHJRO" ignored="0" name="CRUD Operations" tests="5" failures="0" timestamp="2020-11-30T23:33:14 IST" time="11.739" errors="0">
  <testcase name="getAllPosts" time="5.164" classname="tests.TestNGCRUD"/>
  <testcase name="getSpecificPost" time="1.745" classname="tests.TestNGCRUD"/>
  <testcase name="createAPost" time="0.943" classname="tests.TestNGCRUD"/>
  <testcase name="updateAPost" time="0.857" classname="tests.TestNGCRUD"/>
  <testcase name="deleteAPost" time="0.851" classname="tests.TestNGCRUD"/>
</testsuite> <!-- CRUD Operations -->
