<?xml version="1.0" encoding="UTF-8"?>
<!-- Generated by org.testng.reporters.JUnitXMLReporter -->
<testsuite hostname="LAPTOP-VU0KHJRO" ignored="0" name="Test" tests="6" failures="0" timestamp="2020-11-30T23:43:06 IST" time="11.548" errors="0">
  <testcase name="createAPost" time="4.957" classname="tests.TestNGCRUDViaDataProviderOnlyParameterizedMethod"/>
  <testcase name="createAPost" time="0.871" classname="tests.TestNGCRUDViaDataProviderOnlyParameterizedMethod"/>
  <testcase name="createAPost" time="1.003" classname="tests.TestNGCRUDViaDataProviderOnlyParameterizedMethod"/>
  <testcase name="createAPost" time="0.864" classname="tests.TestNGCRUDViaDataProviderOnlyParameterizedMethod"/>
  <testcase name="createAPost" time="0.847" classname="tests.TestNGCRUDViaDataProviderOnlyParameterizedMethod"/>
  <testcase name="createAPost" time="0.883" classname="tests.TestNGCRUDViaDataProviderOnlyParameterizedMethod"/>
</testsuite> <!-- Test -->
